{"D:\\GitHub\\dnd-mentee-4th-9-repo\\backend\\config\\config.js": {"path":"D:\\GitHub\\dnd-mentee-4th-9-repo\\backend\\config\\config.js","statementMap":{"0":{"start":{"line":1,"column":0},"end":{"line":1,"column":27}},"1":{"start":{"line":3,"column":0},"end":{"line":25,"column":1}}},"fnMap":{},"branchMap":{},"s":{"0":3,"1":3},"f":{},"b":{},"_coverageSchema":"1a1c01bbd47fc00a2c39e90264f33305004495a9","hash":"b382d07bbd71e50c97a029ddfea3ea3f3daa7c4e"}
,"D:\\GitHub\\dnd-mentee-4th-9-repo\\backend\\controllers\\plant.controller.js": {"path":"D:\\GitHub\\dnd-mentee-4th-9-repo\\backend\\controllers\\plant.controller.js","statementMap":{"0":{"start":{"line":1,"column":120},"end":{"line":1,"column":155}},"1":{"start":{"line":3,"column":22},"end":{"line":21,"column":1}},"2":{"start":{"line":4,"column":21},"end":{"line":4,"column":36}},"3":{"start":{"line":6,"column":4},"end":{"line":20,"column":5}},"4":{"start":{"line":7,"column":8},"end":{"line":17,"column":9}},"5":{"start":{"line":9,"column":16},"end":{"line":9,"column":51}},"6":{"start":{"line":10,"column":16},"end":{"line":10,"column":52}},"7":{"start":{"line":12,"column":16},"end":{"line":12,"column":49}},"8":{"start":{"line":13,"column":16},"end":{"line":13,"column":52}},"9":{"start":{"line":15,"column":16},"end":{"line":15,"column":48}},"10":{"start":{"line":16,"column":16},"end":{"line":16,"column":52}},"11":{"start":{"line":19,"column":8},"end":{"line":19,"column":20}},"12":{"start":{"line":23,"column":23},"end":{"line":31,"column":1}},"13":{"start":{"line":24,"column":21},"end":{"line":24,"column":39}},"14":{"start":{"line":25,"column":4},"end":{"line":30,"column":5}},"15":{"start":{"line":26,"column":29},"end":{"line":26,"column":56}},"16":{"start":{"line":27,"column":8},"end":{"line":27,"column":43}},"17":{"start":{"line":29,"column":8},"end":{"line":29,"column":20}},"18":{"start":{"line":33,"column":23},"end":{"line":41,"column":1}},"19":{"start":{"line":34,"column":21},"end":{"line":34,"column":37}},"20":{"start":{"line":35,"column":4},"end":{"line":40,"column":5}},"21":{"start":{"line":36,"column":28},"end":{"line":36,"column":61}},"22":{"start":{"line":37,"column":8},"end":{"line":37,"column":42}},"23":{"start":{"line":39,"column":8},"end":{"line":39,"column":20}},"24":{"start":{"line":43,"column":26},"end":{"line":51,"column":1}},"25":{"start":{"line":44,"column":21},"end":{"line":44,"column":37}},"26":{"start":{"line":45,"column":4},"end":{"line":50,"column":5}},"27":{"start":{"line":46,"column":29},"end":{"line":46,"column":60}},"28":{"start":{"line":47,"column":8},"end":{"line":47,"column":43}},"29":{"start":{"line":49,"column":8},"end":{"line":49,"column":20}},"30":{"start":{"line":53,"column":25},"end":{"line":61,"column":1}},"31":{"start":{"line":54,"column":21},"end":{"line":54,"column":45}},"32":{"start":{"line":55,"column":4},"end":{"line":60,"column":5}},"33":{"start":{"line":56,"column":32},"end":{"line":56,"column":62}},"34":{"start":{"line":57,"column":8},"end":{"line":57,"column":46}},"35":{"start":{"line":59,"column":8},"end":{"line":59,"column":20}},"36":{"start":{"line":64,"column":0},"end":{"line":64,"column":102}}},"fnMap":{"0":{"name":"(anonymous_0)","decl":{"start":{"line":3,"column":22},"end":{"line":3,"column":23}},"loc":{"start":{"line":3,"column":48},"end":{"line":21,"column":1}},"line":3},"1":{"name":"(anonymous_1)","decl":{"start":{"line":23,"column":23},"end":{"line":23,"column":24}},"loc":{"start":{"line":23,"column":49},"end":{"line":31,"column":1}},"line":23},"2":{"name":"(anonymous_2)","decl":{"start":{"line":33,"column":23},"end":{"line":33,"column":24}},"loc":{"start":{"line":33,"column":49},"end":{"line":41,"column":1}},"line":33},"3":{"name":"(anonymous_3)","decl":{"start":{"line":43,"column":26},"end":{"line":43,"column":27}},"loc":{"start":{"line":43,"column":52},"end":{"line":51,"column":1}},"line":43},"4":{"name":"(anonymous_4)","decl":{"start":{"line":53,"column":25},"end":{"line":53,"column":26}},"loc":{"start":{"line":53,"column":51},"end":{"line":61,"column":1}},"line":53}},"branchMap":{"0":{"loc":{"start":{"line":7,"column":8},"end":{"line":17,"column":9}},"type":"switch","locations":[{"start":{"line":8,"column":12},"end":{"line":10,"column":52}},{"start":{"line":11,"column":12},"end":{"line":13,"column":52}},{"start":{"line":14,"column":12},"end":{"line":16,"column":52}}],"line":7}},"s":{"0":1,"1":1,"2":4,"3":3,"4":3,"5":1,"6":1,"7":1,"8":1,"9":1,"10":1,"11":0,"12":1,"13":2,"14":1,"15":1,"16":1,"17":0,"18":1,"19":2,"20":1,"21":1,"22":1,"23":0,"24":1,"25":2,"26":1,"27":1,"28":1,"29":0,"30":1,"31":2,"32":1,"33":1,"34":1,"35":0,"36":1},"f":{"0":4,"1":2,"2":2,"3":2,"4":2},"b":{"0":[1,1,1]},"_coverageSchema":"1a1c01bbd47fc00a2c39e90264f33305004495a9","hash":"550945e55fc44ff4750e73166324112e8e383840"}
,"D:\\GitHub\\dnd-mentee-4th-9-repo\\backend\\models\\plant.model.js": {"path":"D:\\GitHub\\dnd-mentee-4th-9-repo\\backend\\models\\plant.model.js","statementMap":{"0":{"start":{"line":1,"column":18},"end":{"line":1,"column":38}},"1":{"start":{"line":2,"column":18},"end":{"line":2,"column":45}},"2":{"start":{"line":4,"column":0},"end":{"line":54,"column":1}},"3":{"start":{"line":6,"column":8},"end":{"line":44,"column":11}},"4":{"start":{"line":47,"column":8},"end":{"line":49,"column":11}}},"fnMap":{"0":{"name":"(anonymous_0)","decl":{"start":{"line":5,"column":4},"end":{"line":5,"column":5}},"loc":{"start":{"line":5,"column":26},"end":{"line":45,"column":5}},"line":5},"1":{"name":"(anonymous_1)","decl":{"start":{"line":46,"column":4},"end":{"line":46,"column":5}},"loc":{"start":{"line":46,"column":24},"end":{"line":53,"column":5}},"line":46}},"branchMap":{},"s":{"0":3,"1":3,"2":3,"3":1,"4":0},"f":{"0":1,"1":0},"b":{},"_coverageSchema":"1a1c01bbd47fc00a2c39e90264f33305004495a9","hash":"92a89988abfc9e31e71e86e0870222dfa5bb799a"}
,"D:\\GitHub\\dnd-mentee-4th-9-repo\\backend\\models\\plantTag.model.js": {"path":"D:\\GitHub\\dnd-mentee-4th-9-repo\\backend\\models\\plantTag.model.js","statementMap":{"0":{"start":{"line":1,"column":18},"end":{"line":1,"column":38}},"1":{"start":{"line":3,"column":0},"end":{"line":32,"column":1}},"2":{"start":{"line":5,"column":8},"end":{"line":27,"column":11}}},"fnMap":{"0":{"name":"(anonymous_0)","decl":{"start":{"line":4,"column":4},"end":{"line":4,"column":5}},"loc":{"start":{"line":4,"column":26},"end":{"line":28,"column":5}},"line":4},"1":{"name":"(anonymous_1)","decl":{"start":{"line":29,"column":4},"end":{"line":29,"column":5}},"loc":{"start":{"line":29,"column":24},"end":{"line":31,"column":5}},"line":29}},"branchMap":{},"s":{"0":6,"1":6,"2":1},"f":{"0":1,"1":0},"b":{},"_coverageSchema":"1a1c01bbd47fc00a2c39e90264f33305004495a9","hash":"99931b135432575f27dcb2b10d090bde10398b54"}
,"D:\\GitHub\\dnd-mentee-4th-9-repo\\backend\\models\\tag.model.js": {"path":"D:\\GitHub\\dnd-mentee-4th-9-repo\\backend\\models\\tag.model.js","statementMap":{"0":{"start":{"line":1,"column":18},"end":{"line":1,"column":38}},"1":{"start":{"line":2,"column":18},"end":{"line":2,"column":45}},"2":{"start":{"line":4,"column":0},"end":{"line":31,"column":1}},"3":{"start":{"line":6,"column":8},"end":{"line":24,"column":11}},"4":{"start":{"line":27,"column":8},"end":{"line":29,"column":11}}},"fnMap":{"0":{"name":"(anonymous_0)","decl":{"start":{"line":5,"column":4},"end":{"line":5,"column":5}},"loc":{"start":{"line":5,"column":26},"end":{"line":25,"column":5}},"line":5},"1":{"name":"(anonymous_1)","decl":{"start":{"line":26,"column":4},"end":{"line":26,"column":5}},"loc":{"start":{"line":26,"column":24},"end":{"line":30,"column":5}},"line":26}},"branchMap":{},"s":{"0":3,"1":3,"2":3,"3":1,"4":0},"f":{"0":1,"1":0},"b":{},"_coverageSchema":"1a1c01bbd47fc00a2c39e90264f33305004495a9","hash":"2f2beea73fd4f6d1a1dd3e32d7514c307bc7bed0"}
,"D:\\GitHub\\dnd-mentee-4th-9-repo\\backend\\services\\plantService.js": {"path":"D:\\GitHub\\dnd-mentee-4th-9-repo\\backend\\services\\plantService.js","statementMap":{"0":{"start":{"line":1,"column":14},"end":{"line":1,"column":46}},"1":{"start":{"line":2,"column":12},"end":{"line":2,"column":42}},"2":{"start":{"line":3,"column":18},"end":{"line":3,"column":38}},"3":{"start":{"line":4,"column":11},"end":{"line":4,"column":23}},"4":{"start":{"line":6,"column":26},"end":{"line":24,"column":1}},"5":{"start":{"line":7,"column":4},"end":{"line":23,"column":5}},"6":{"start":{"line":8,"column":23},"end":{"line":19,"column":10}},"7":{"start":{"line":20,"column":8},"end":{"line":20,"column":22}},"8":{"start":{"line":22,"column":8},"end":{"line":22,"column":29}},"9":{"start":{"line":26,"column":24},"end":{"line":44,"column":1}},"10":{"start":{"line":27,"column":4},"end":{"line":43,"column":5}},"11":{"start":{"line":28,"column":23},"end":{"line":39,"column":10}},"12":{"start":{"line":40,"column":8},"end":{"line":40,"column":22}},"13":{"start":{"line":42,"column":8},"end":{"line":42,"column":29}},"14":{"start":{"line":46,"column":23},"end":{"line":64,"column":1}},"15":{"start":{"line":47,"column":4},"end":{"line":63,"column":5}},"16":{"start":{"line":48,"column":23},"end":{"line":59,"column":10}},"17":{"start":{"line":60,"column":8},"end":{"line":60,"column":22}},"18":{"start":{"line":62,"column":8},"end":{"line":62,"column":29}},"19":{"start":{"line":66,"column":23},"end":{"line":94,"column":1}},"20":{"start":{"line":67,"column":4},"end":{"line":93,"column":5}},"21":{"start":{"line":68,"column":27},"end":{"line":89,"column":10}},"22":{"start":{"line":90,"column":8},"end":{"line":90,"column":26}},"23":{"start":{"line":92,"column":8},"end":{"line":92,"column":29}},"24":{"start":{"line":96,"column":28},"end":{"line":112,"column":1}},"25":{"start":{"line":97,"column":4},"end":{"line":111,"column":5}},"26":{"start":{"line":98,"column":32},"end":{"line":107,"column":10}},"27":{"start":{"line":108,"column":8},"end":{"line":108,"column":31}},"28":{"start":{"line":110,"column":8},"end":{"line":110,"column":29}},"29":{"start":{"line":114,"column":22},"end":{"line":135,"column":1}},"30":{"start":{"line":115,"column":4},"end":{"line":134,"column":5}},"31":{"start":{"line":116,"column":26},"end":{"line":130,"column":10}},"32":{"start":{"line":131,"column":8},"end":{"line":131,"column":24}},"33":{"start":{"line":133,"column":8},"end":{"line":133,"column":29}},"34":{"start":{"line":137,"column":20},"end":{"line":147,"column":1}},"35":{"start":{"line":138,"column":4},"end":{"line":146,"column":5}},"36":{"start":{"line":139,"column":8},"end":{"line":143,"column":11}},"37":{"start":{"line":145,"column":8},"end":{"line":145,"column":29}},"38":{"start":{"line":149,"column":20},"end":{"line":196,"column":1}},"39":{"start":{"line":150,"column":4},"end":{"line":195,"column":5}},"40":{"start":{"line":151,"column":27},"end":{"line":151,"column":57}},"41":{"start":{"line":153,"column":32},"end":{"line":153,"column":67}},"42":{"start":{"line":155,"column":21},"end":{"line":157,"column":10}},"43":{"start":{"line":159,"column":25},"end":{"line":159,"column":47}},"44":{"start":{"line":161,"column":29},"end":{"line":161,"column":31}},"45":{"start":{"line":163,"column":8},"end":{"line":165,"column":9}},"46":{"start":{"line":164,"column":12},"end":{"line":164,"column":48}},"47":{"start":{"line":167,"column":26},"end":{"line":167,"column":55}},"48":{"start":{"line":169,"column":30},"end":{"line":179,"column":9}},"49":{"start":{"line":170,"column":25},"end":{"line":172,"column":22}},"50":{"start":{"line":174,"column":26},"end":{"line":177,"column":23}},"51":{"start":{"line":175,"column":28},"end":{"line":175,"column":36}},"52":{"start":{"line":176,"column":32},"end":{"line":176,"column":59}},"53":{"start":{"line":178,"column":12},"end":{"line":178,"column":28}},"54":{"start":{"line":181,"column":32},"end":{"line":181,"column":79}},"55":{"start":{"line":181,"column":58},"end":{"line":181,"column":78}},"56":{"start":{"line":183,"column":29},"end":{"line":185,"column":10}},"57":{"start":{"line":187,"column":8},"end":{"line":187,"column":41}},"58":{"start":{"line":188,"column":8},"end":{"line":188,"column":55}},"59":{"start":{"line":190,"column":8},"end":{"line":190,"column":36}},"60":{"start":{"line":192,"column":8},"end":{"line":192,"column":28}},"61":{"start":{"line":194,"column":8},"end":{"line":194,"column":29}},"62":{"start":{"line":198,"column":26},"end":{"line":215,"column":1}},"63":{"start":{"line":199,"column":4},"end":{"line":214,"column":5}},"64":{"start":{"line":200,"column":23},"end":{"line":210,"column":10}},"65":{"start":{"line":211,"column":8},"end":{"line":211,"column":22}},"66":{"start":{"line":213,"column":8},"end":{"line":213,"column":29}},"67":{"start":{"line":217,"column":24},"end":{"line":234,"column":1}},"68":{"start":{"line":218,"column":4},"end":{"line":233,"column":5}},"69":{"start":{"line":219,"column":23},"end":{"line":229,"column":10}},"70":{"start":{"line":230,"column":8},"end":{"line":230,"column":22}},"71":{"start":{"line":232,"column":8},"end":{"line":232,"column":29}},"72":{"start":{"line":236,"column":23},"end":{"line":253,"column":1}},"73":{"start":{"line":237,"column":4},"end":{"line":252,"column":5}},"74":{"start":{"line":238,"column":23},"end":{"line":248,"column":10}},"75":{"start":{"line":249,"column":8},"end":{"line":249,"column":22}},"76":{"start":{"line":251,"column":8},"end":{"line":251,"column":29}},"77":{"start":{"line":255,"column":0},"end":{"line":255,"column":129}}},"fnMap":{"0":{"name":"(anonymous_0)","decl":{"start":{"line":6,"column":26},"end":{"line":6,"column":27}},"loc":{"start":{"line":6,"column":37},"end":{"line":24,"column":1}},"line":6},"1":{"name":"(anonymous_1)","decl":{"start":{"line":26,"column":24},"end":{"line":26,"column":25}},"loc":{"start":{"line":26,"column":35},"end":{"line":44,"column":1}},"line":26},"2":{"name":"(anonymous_2)","decl":{"start":{"line":46,"column":23},"end":{"line":46,"column":24}},"loc":{"start":{"line":46,"column":34},"end":{"line":64,"column":1}},"line":46},"3":{"name":"(anonymous_3)","decl":{"start":{"line":66,"column":23},"end":{"line":66,"column":24}},"loc":{"start":{"line":66,"column":42},"end":{"line":94,"column":1}},"line":66},"4":{"name":"(anonymous_4)","decl":{"start":{"line":96,"column":28},"end":{"line":96,"column":29}},"loc":{"start":{"line":96,"column":47},"end":{"line":112,"column":1}},"line":96},"5":{"name":"(anonymous_5)","decl":{"start":{"line":114,"column":22},"end":{"line":114,"column":23}},"loc":{"start":{"line":114,"column":41},"end":{"line":135,"column":1}},"line":114},"6":{"name":"(anonymous_6)","decl":{"start":{"line":137,"column":20},"end":{"line":137,"column":21}},"loc":{"start":{"line":137,"column":39},"end":{"line":147,"column":1}},"line":137},"7":{"name":"(anonymous_7)","decl":{"start":{"line":149,"column":20},"end":{"line":149,"column":21}},"loc":{"start":{"line":149,"column":39},"end":{"line":196,"column":1}},"line":149},"8":{"name":"(anonymous_8)","decl":{"start":{"line":169,"column":30},"end":{"line":169,"column":31}},"loc":{"start":{"line":169,"column":41},"end":{"line":179,"column":9}},"line":169},"9":{"name":"(anonymous_9)","decl":{"start":{"line":175,"column":21},"end":{"line":175,"column":22}},"loc":{"start":{"line":175,"column":28},"end":{"line":175,"column":36}},"line":175},"10":{"name":"(anonymous_10)","decl":{"start":{"line":176,"column":24},"end":{"line":176,"column":25}},"loc":{"start":{"line":176,"column":32},"end":{"line":176,"column":59}},"line":176},"11":{"name":"(anonymous_11)","decl":{"start":{"line":181,"column":49},"end":{"line":181,"column":50}},"loc":{"start":{"line":181,"column":58},"end":{"line":181,"column":78}},"line":181},"12":{"name":"(anonymous_12)","decl":{"start":{"line":198,"column":26},"end":{"line":198,"column":27}},"loc":{"start":{"line":198,"column":45},"end":{"line":215,"column":1}},"line":198},"13":{"name":"(anonymous_13)","decl":{"start":{"line":217,"column":24},"end":{"line":217,"column":25}},"loc":{"start":{"line":217,"column":43},"end":{"line":234,"column":1}},"line":217},"14":{"name":"(anonymous_14)","decl":{"start":{"line":236,"column":23},"end":{"line":236,"column":24}},"loc":{"start":{"line":236,"column":42},"end":{"line":253,"column":1}},"line":236}},"branchMap":{},"s":{"0":2,"1":2,"2":2,"3":2,"4":2,"5":1,"6":1,"7":1,"8":0,"9":2,"10":1,"11":1,"12":1,"13":0,"14":2,"15":1,"16":1,"17":1,"18":0,"19":2,"20":1,"21":1,"22":1,"23":0,"24":2,"25":1,"26":1,"27":1,"28":0,"29":2,"30":0,"31":0,"32":0,"33":0,"34":2,"35":0,"36":0,"37":0,"38":2,"39":1,"40":1,"41":1,"42":1,"43":0,"44":0,"45":0,"46":0,"47":0,"48":0,"49":0,"50":0,"51":0,"52":0,"53":0,"54":0,"55":0,"56":0,"57":0,"58":0,"59":0,"60":0,"61":1,"62":2,"63":1,"64":1,"65":1,"66":0,"67":2,"68":1,"69":1,"70":1,"71":0,"72":2,"73":1,"74":1,"75":1,"76":0,"77":2},"f":{"0":1,"1":1,"2":1,"3":1,"4":1,"5":0,"6":0,"7":1,"8":0,"9":0,"10":0,"11":0,"12":1,"13":1,"14":1},"b":{},"_coverageSchema":"1a1c01bbd47fc00a2c39e90264f33305004495a9","hash":"23127055c061f37c8f0df779033d734cbec4b48e"}
}
