TN:
SF:config\config.js
FNF:0
FNH:0
DA:1,3
DA:3,3
LF:2
LH:2
BRF:0
BRH:0
end_of_record
TN:
SF:controllers\plant.controller.js
FN:3,(anonymous_0)
FN:23,(anonymous_1)
FN:33,(anonymous_2)
FN:43,(anonymous_3)
FN:53,(anonymous_4)
FNF:5
FNH:5
FNDA:4,(anonymous_0)
FNDA:2,(anonymous_1)
FNDA:2,(anonymous_2)
FNDA:2,(anonymous_3)
FNDA:2,(anonymous_4)
DA:1,1
DA:3,1
DA:4,4
DA:6,3
DA:7,3
DA:9,1
DA:10,1
DA:12,1
DA:13,1
DA:15,1
DA:16,1
DA:19,0
DA:23,1
DA:24,2
DA:25,1
DA:26,1
DA:27,1
DA:29,0
DA:33,1
DA:34,2
DA:35,1
DA:36,1
DA:37,1
DA:39,0
DA:43,1
DA:44,2
DA:45,1
DA:46,1
DA:47,1
DA:49,0
DA:53,1
DA:54,2
DA:55,1
DA:56,1
DA:57,1
DA:59,0
DA:64,1
LF:37
LH:32
BRDA:7,0,0,1
BRDA:7,0,1,1
BRDA:7,0,2,1
BRF:3
BRH:3
end_of_record
TN:
SF:models\plant.model.js
FN:5,(anonymous_0)
FN:46,(anonymous_1)
FNF:2
FNH:1
FNDA:1,(anonymous_0)
FNDA:0,(anonymous_1)
DA:1,3
DA:2,3
DA:4,3
DA:6,1
DA:47,0
LF:5
LH:4
BRF:0
BRH:0
end_of_record
TN:
SF:models\plantTag.model.js
FN:4,(anonymous_0)
FN:29,(anonymous_1)
FNF:2
FNH:1
FNDA:1,(anonymous_0)
FNDA:0,(anonymous_1)
DA:1,6
DA:3,6
DA:5,1
LF:3
LH:3
BRF:0
BRH:0
end_of_record
TN:
SF:models\tag.model.js
FN:5,(anonymous_0)
FN:26,(anonymous_1)
FNF:2
FNH:1
FNDA:1,(anonymous_0)
FNDA:0,(anonymous_1)
DA:1,3
DA:2,3
DA:4,3
DA:6,1
DA:27,0
LF:5
LH:4
BRF:0
BRH:0
end_of_record
TN:
SF:services\plantService.js
FN:6,(anonymous_0)
FN:26,(anonymous_1)
FN:46,(anonymous_2)
FN:66,(anonymous_3)
FN:96,(anonymous_4)
FN:114,(anonymous_5)
FN:137,(anonymous_6)
FN:149,(anonymous_7)
FN:169,(anonymous_8)
FN:175,(anonymous_9)
FN:176,(anonymous_10)
FN:181,(anonymous_11)
FN:198,(anonymous_12)
FN:217,(anonymous_13)
FN:236,(anonymous_14)
FNF:15
FNH:9
FNDA:1,(anonymous_0)
FNDA:1,(anonymous_1)
FNDA:1,(anonymous_2)
FNDA:1,(anonymous_3)
FNDA:1,(anonymous_4)
FNDA:0,(anonymous_5)
FNDA:0,(anonymous_6)
FNDA:1,(anonymous_7)
FNDA:0,(anonymous_8)
FNDA:0,(anonymous_9)
FNDA:0,(anonymous_10)
FNDA:0,(anonymous_11)
FNDA:1,(anonymous_12)
FNDA:1,(anonymous_13)
FNDA:1,(anonymous_14)
DA:1,2
DA:2,2
DA:3,2
DA:4,2
DA:6,2
DA:7,1
DA:8,1
DA:20,1
DA:22,0
DA:26,2
DA:27,1
DA:28,1
DA:40,1
DA:42,0
DA:46,2
DA:47,1
DA:48,1
DA:60,1
DA:62,0
DA:66,2
DA:67,1
DA:68,1
DA:90,1
DA:92,0
DA:96,2
DA:97,1
DA:98,1
DA:108,1
DA:110,0
DA:114,2
DA:115,0
DA:116,0
DA:131,0
DA:133,0
DA:137,2
DA:138,0
DA:139,0
DA:145,0
DA:149,2
DA:150,1
DA:151,1
DA:153,1
DA:155,1
DA:159,0
DA:161,0
DA:163,0
DA:164,0
DA:167,0
DA:169,0
DA:170,0
DA:174,0
DA:175,0
DA:176,0
DA:178,0
DA:181,0
DA:183,0
DA:187,0
DA:188,0
DA:190,0
DA:192,0
DA:194,1
DA:198,2
DA:199,1
DA:200,1
DA:211,1
DA:213,0
DA:217,2
DA:218,1
DA:219,1
DA:230,1
DA:232,0
DA:236,2
DA:237,1
DA:238,1
DA:249,1
DA:251,0
DA:255,2
LF:77
LH:45
BRF:0
BRH:0
end_of_record
